10/10/2023 12:10:40 AM: INFO: ********* HomePage ********
10/10/2023 12:10:17 AM: INFO: ********* HomePage ********
10/10/2023 12:10:03 AM: INFO: ********* HomePage ********
10/10/2023 12:10:41 AM: INFO: ********* HomePage ********
10/10/2023 12:10:59 AM: INFO: ********* HomePage ********
10/10/2023 01:10:56 AM: INFO: ********* HomePage ********
10/10/2023 01:10:43 AM: INFO: ********* HomePage ********
10/10/2023 01:10:56 AM: INFO: ********* HomePage ********
10/10/2023 01:10:07 AM: INFO: ********* HomePage ********
10/10/2023 02:10:14 AM: INFO: Radio button selected
10/10/2023 02:10:19 AM: INFO: Radio button selected
10/10/2023 02:10:52 AM: INFO: ********* HomePage ********
10/10/2023 02:10:47 AM: INFO: ********* HomePage ********
10/10/2023 02:10:17 AM: INFO: ********* HomePage ********
10/10/2023 02:10:39 AM: INFO: ********* HomePage ********
10/10/2023 02:10:14 AM: INFO: Radio button selected
10/10/2023 02:10:37 AM: INFO: Radio button selected
10/10/2023 04:10:23 AM: INFO: Radio button selected
10/10/2023 04:10:29 AM: INFO: Radio button selected
10/10/2023 04:10:29 AM: INFO: Radio button selected
10/11/2023 12:10:53 AM: INFO: Radio button selected
10/11/2023 12:10:20 AM: INFO: Radio button selected
10/11/2023 12:10:06 AM: INFO: Radio button selected
10/11/2023 12:10:14 AM: INFO: Radio button selected
10/11/2023 12:10:56 AM: INFO: Radio button selected
10/11/2023 12:10:21 AM: INFO: Radio button selected
10/11/2023 01:10:58 AM: INFO: Radio button selected
10/11/2023 01:10:18 AM: INFO: Radio button selected
10/11/2023 01:10:28 AM: INFO: Radio button selected
10/11/2023 01:10:44 AM: INFO: Radio button selected
10/11/2023 01:10:52 AM: INFO: Radio button selected
10/11/2023 01:10:59 AM: INFO: Radio button selected
10/11/2023 01:10:35 AM: INFO: Radio button selected
10/11/2023 02:10:21 AM: INFO: Radio button selected
10/11/2023 02:10:24 AM: INFO: Radio button selected
10/11/2023 02:10:08 AM: INFO: Radio button selected
10/11/2023 02:10:12 AM: INFO: Radio button selected
10/11/2023 02:10:17 AM: INFO: Radio button selected
10/11/2023 02:10:27 AM: INFO: Radio button selected
10/11/2023 02:10:20 AM: INFO: Radio button selected
10/11/2023 05:10:08 PM: INFO: **** Starting ticket reservation page testing (TestTicketBookingPage002) ****
10/11/2023 05:10:08 PM: INFO: ***** We are in ticket form page (verified) *****
10/11/2023 05:10:08 PM: INFO: Choosing the correct option
10/11/2023 05:10:11 PM: INFO: **** Providing passenger details ****
10/11/2023 05:10:17 PM: INFO: **** Providing billing details ****
10/11/2023 05:10:18 PM: INFO: **** Selecting payment method ****
10/11/2023 05:10:31 PM: INFO: **** This is the end of Ticket reservation page testing (TestTicketBookingPage002) **** 
10/11/2023 05:10:16 PM: INFO: **** Opening URL ****
10/11/2023 05:10:19 PM: INFO: **** Starting ticket reservation home page testing (TestHomePage001)
10/11/2023 05:10:20 PM: INFO: **** We are in ticket reservation homepage ****
10/11/2023 05:10:38 PM: INFO: **** This is the ending of ticket reservation homepage testing (TestHomePage001) 
10/11/2023 05:10:56 PM: INFO: **** Starting testing (TestTicketBookingPage002) ****
10/11/2023 05:10:56 PM: INFO: ***** We are in ticket reservation page (verified) *****
10/11/2023 05:10:56 PM: INFO: **** Choosing the correct option ****
10/11/2023 05:10:59 PM: INFO: **** Providing passenger details ****
10/11/2023 05:10:05 PM: INFO: **** Providing billing details ****
10/11/2023 05:10:06 PM: INFO: **** Selecting payment method ****
10/11/2023 05:10:20 PM: INFO: **** This is the end of testing (TestTicketBookingPage002) **** 
10/12/2023 12:10:26 AM: INFO: **** Opening URL ****
10/12/2023 12:10:30 AM: INFO: **** Starting ticket reservation home page testing (TestHomePage001)
10/12/2023 12:10:30 AM: INFO: **** We are in ticket reservation homepage ****
10/12/2023 12:10:48 AM: INFO: **** This is the ending of ticket reservation homepage testing (TestHomePage001) 
10/12/2023 12:10:06 AM: INFO: **** Starting testing (TestTicketBookingPage002) ****
10/12/2023 12:10:06 AM: INFO: ***** We are in ticket reservation page (verified) *****
10/12/2023 12:10:06 AM: INFO: **** Choosing the correct option ****
10/12/2023 12:10:09 AM: INFO: **** Providing passenger details ****
10/12/2023 12:10:15 AM: INFO: **** Providing billing details ****
10/12/2023 12:10:17 AM: INFO: **** Selecting payment method ****
10/12/2023 12:10:31 AM: INFO: **** This is the end of testing (TestTicketBookingPage002) **** 
